<?xml version="1.0" encoding="UTF-8"?>
<robot generator="Robot 4.0.3 (Python 3.8.10 on linux)" generated="20211210 15:13:07.788" rpa="false" schemaversion="2">
<suite id="s1" name="Veterinario" source="/media/scherman/HD1/Particular/Faculdade/UniRitter/Disciplinas/2021_02/Práticas de Engenharia de Software/Trabalhos/AnimaPet/ProjetoFinal/Test/api/tests/veterinario">
<suite id="s1-s1" name="Delet" source="/media/scherman/HD1/Particular/Faculdade/UniRitter/Disciplinas/2021_02/Práticas de Engenharia de Software/Trabalhos/AnimaPet/ProjetoFinal/Test/api/tests/veterinario/delet.robot">
<test id="s1-s1-t1" name="Requisição De DELETE">
<kw name="Realizar Requisição de DELETE By ID" library="base">
<arg>6</arg>
<msg timestamp="20211210 15:13:07.912" level="TRACE">Arguments: [ ${ID}='6' ]</msg>
<kw name="DELETE" library="RequestsLibrary">
<arg>url=http://localhost:3000/${URI}/${ID}</arg>
<doc>Sends a DELETE request.</doc>
<msg timestamp="20211210 15:13:07.913" level="TRACE">Arguments: [ url='http://localhost:3000/veterinario/6' ]</msg>
<msg timestamp="20211210 15:13:07.917" level="DEBUG">Starting new HTTP connection (1): localhost:3000</msg>
<msg timestamp="20211210 15:13:07.919" level="DEBUG">http://localhost:3000 "DELETE /veterinario/6 HTTP/1.1" 204 0</msg>
<msg timestamp="20211210 15:13:07.920" level="INFO">DELETE Request : url=http://localhost:3000/veterinario/6 
 path_url=/veterinario/6 
 headers={'User-Agent': 'python-requests/2.22.0', 'Accept-Encoding': 'gzip, deflate', 'Accept': '*/*', 'Connection': 'keep-alive', 'Content-Length': '0'} 
 body=None 
 </msg>
<msg timestamp="20211210 15:13:07.920" level="INFO">DELETE Response : url=http://localhost:3000/veterinario/6 
 status=204, reason=No Content 
 headers={'X-Powered-By': 'Express', 'Access-Control-Allow-Origin': '*', 'ETag': 'W/"2-vyGp6PvFo4RvsFtPoIWeCReyIC8"', 'Date': 'Fri, 10 Dec 2021 18:13:07 GMT', 'Connection': 'keep-alive', 'Keep-Alive': 'timeout=5'} 
 body=None 
 </msg>
<msg timestamp="20211210 15:13:07.920" level="TRACE">Return: &lt;Response [204]&gt;</msg>
<status status="PASS" starttime="20211210 15:13:07.913" endtime="20211210 15:13:07.920"/>
</kw>
<kw name="DELETE" library="RequestsLibrary">
<var>${RESPOSTA}</var>
<arg>url=http://localhost:3000/${URI}/${ID}</arg>
<doc>Sends a DELETE request.</doc>
<msg timestamp="20211210 15:13:07.921" level="TRACE">Arguments: [ url='http://localhost:3000/veterinario/6' ]</msg>
<msg timestamp="20211210 15:13:07.924" level="DEBUG">Starting new HTTP connection (1): localhost:3000</msg>
<msg timestamp="20211210 15:13:07.926" level="DEBUG">http://localhost:3000 "DELETE /veterinario/6 HTTP/1.1" 204 0</msg>
<msg timestamp="20211210 15:13:07.926" level="INFO">DELETE Request : url=http://localhost:3000/veterinario/6 
 path_url=/veterinario/6 
 headers={'User-Agent': 'python-requests/2.22.0', 'Accept-Encoding': 'gzip, deflate', 'Accept': '*/*', 'Connection': 'keep-alive', 'Content-Length': '0'} 
 body=None 
 </msg>
<msg timestamp="20211210 15:13:07.927" level="INFO">DELETE Response : url=http://localhost:3000/veterinario/6 
 status=204, reason=No Content 
 headers={'X-Powered-By': 'Express', 'Access-Control-Allow-Origin': '*', 'ETag': 'W/"2-vyGp6PvFo4RvsFtPoIWeCReyIC8"', 'Date': 'Fri, 10 Dec 2021 18:13:07 GMT', 'Connection': 'keep-alive', 'Keep-Alive': 'timeout=5'} 
 body=None 
 </msg>
<msg timestamp="20211210 15:13:07.927" level="TRACE">Return: &lt;Response [204]&gt;</msg>
<msg timestamp="20211210 15:13:07.927" level="INFO">${RESPOSTA} = &lt;Response [204]&gt;</msg>
<status status="PASS" starttime="20211210 15:13:07.920" endtime="20211210 15:13:07.927"/>
</kw>
<kw name="Log" library="BuiltIn">
<arg>Resposta: ${RESPOSTA.text}</arg>
<doc>Logs the given message with the given level.</doc>
<msg timestamp="20211210 15:13:07.928" level="TRACE">Arguments: [ 'Resposta: ' ]</msg>
<msg timestamp="20211210 15:13:07.929" level="INFO">Resposta: </msg>
<msg timestamp="20211210 15:13:07.929" level="TRACE">Return: None</msg>
<status status="PASS" starttime="20211210 15:13:07.927" endtime="20211210 15:13:07.929"/>
</kw>
<kw name="Set Test Variable" library="BuiltIn">
<arg>${RESPOSTA}</arg>
<doc>Makes a variable available everywhere within the scope of the current test.</doc>
<msg timestamp="20211210 15:13:07.929" level="TRACE">Arguments: [ '${RESPOSTA}' ]</msg>
<msg timestamp="20211210 15:13:07.930" level="INFO">${RESPOSTA} = &lt;Response [204]&gt;</msg>
<msg timestamp="20211210 15:13:07.930" level="TRACE">Return: None</msg>
<status status="PASS" starttime="20211210 15:13:07.929" endtime="20211210 15:13:07.930"/>
</kw>
<msg timestamp="20211210 15:13:07.930" level="TRACE">Return: None</msg>
<status status="PASS" starttime="20211210 15:13:07.912" endtime="20211210 15:13:07.930"/>
</kw>
<kw name="Confere o status code" library="base">
<arg>204</arg>
<msg timestamp="20211210 15:13:07.931" level="TRACE">Arguments: [ ${STATUS_ESPERADO}='204' ]</msg>
<kw name="Should Be Equal As Strings" library="BuiltIn">
<arg>${RESPOSTA.status_code}</arg>
<arg>${STATUS_ESPERADO}</arg>
<doc>Fails if objects are unequal after converting them to strings.</doc>
<msg timestamp="20211210 15:13:07.933" level="TRACE">Arguments: [ 204 | '204' ]</msg>
<msg timestamp="20211210 15:13:07.933" level="INFO">Argument types are:
&lt;class 'int'&gt;
&lt;type 'unicode'&gt;</msg>
<msg timestamp="20211210 15:13:07.933" level="TRACE">Return: None</msg>
<status status="PASS" starttime="20211210 15:13:07.932" endtime="20211210 15:13:07.933"/>
</kw>
<kw name="Log" library="BuiltIn">
<arg>Status Code Retornado: ${RESPOSTA.status_code} -- Status Code Esperado: ${STATUS_ESPERADO}</arg>
<doc>Logs the given message with the given level.</doc>
<msg timestamp="20211210 15:13:07.934" level="TRACE">Arguments: [ 'Status Code Retornado: 204 -- Status Code Esperado: 204' ]</msg>
<msg timestamp="20211210 15:13:07.934" level="INFO">Status Code Retornado: 204 -- Status Code Esperado: 204</msg>
<msg timestamp="20211210 15:13:07.934" level="TRACE">Return: None</msg>
<status status="PASS" starttime="20211210 15:13:07.933" endtime="20211210 15:13:07.934"/>
</kw>
<msg timestamp="20211210 15:13:07.934" level="TRACE">Return: None</msg>
<status status="PASS" starttime="20211210 15:13:07.931" endtime="20211210 15:13:07.934"/>
</kw>
<status status="PASS" starttime="20211210 15:13:07.911" endtime="20211210 15:13:07.934"/>
</test>
<doc>Exemplos da própria Library: GetAll /veterinarios
https://github.com/ScParis/AnimaPet</doc>
<status status="PASS" starttime="20211210 15:13:07.812" endtime="20211210 15:13:07.935"/>
</suite>
<suite id="s1-s2" name="Get All" source="/media/scherman/HD1/Particular/Faculdade/UniRitter/Disciplinas/2021_02/Práticas de Engenharia de Software/Trabalhos/AnimaPet/ProjetoFinal/Test/api/tests/veterinario/get_all.robot">
<test id="s1-s2-t1" name="Requisição De GET ALL">
<kw name="Realizar Requisição de GET ALL" library="base">
<msg timestamp="20211210 15:13:07.948" level="TRACE">Arguments: [  ]</msg>
<kw name="GET" library="RequestsLibrary">
<var>${VET_DATA}</var>
<arg>url=http://localhost:3000/${URI}</arg>
<doc>Sends a GET request.</doc>
<msg timestamp="20211210 15:13:07.949" level="TRACE">Arguments: [ url='http://localhost:3000/veterinario' ]</msg>
<msg timestamp="20211210 15:13:07.951" level="DEBUG">Starting new HTTP connection (1): localhost:3000</msg>
<msg timestamp="20211210 15:13:07.952" level="DEBUG">http://localhost:3000 "GET /veterinario HTTP/1.1" 200 400</msg>
<msg timestamp="20211210 15:13:07.953" level="INFO">GET Request : url=http://localhost:3000/veterinario 
 path_url=/veterinario 
 headers={'User-Agent': 'python-requests/2.22.0', 'Accept-Encoding': 'gzip, deflate', 'Accept': '*/*', 'Connection': 'keep-alive'} 
 body=None 
 </msg>
<msg timestamp="20211210 15:13:07.953" level="INFO">GET Response : url=http://localhost:3000/veterinario 
 status=200, reason=OK 
 headers={'X-Powered-By': 'Express', 'Access-Control-Allow-Origin': '*', 'Content-Type': 'application/json; charset=utf-8', 'Content-Length': '400', 'ETag': 'W/"190-s7RlYocEDWCJQqqf0SLu94LXdyg"', 'Date': 'Fri, 10 Dec 2021 18:13:07 GMT', 'Connection': 'keep-alive', 'Keep-Alive': 'timeout=5'} 
 body=[{"id":1,"nome":"jaozinho","email":"joaozinho@wimail.com","celular":"51925654898"},{"id":2,"nome":"irineu","email":"irineu@wimail.com","celular":"51975754797"},{"id":3,"nome":"josnel","email":"josnel@wimail.com","celular":"51924644848"},{"id":4,"nome":"jossinel","email":"jossinel@wimail.com","celular":"51924254898"},{"nome":"Robot Vet","email":"vet_robot@email.com","celular":"51935654132","id":5}] 
 </msg>
<msg timestamp="20211210 15:13:07.953" level="TRACE">Return: &lt;Response [200]&gt;</msg>
<msg timestamp="20211210 15:13:07.953" level="INFO">${VET_DATA} = &lt;Response [200]&gt;</msg>
<status status="PASS" starttime="20211210 15:13:07.948" endtime="20211210 15:13:07.953"/>
</kw>
<kw name="Log" library="BuiltIn">
<arg>Retorno com todos os cadastros: ${VET_DATA.json()}</arg>
<doc>Logs the given message with the given level.</doc>
<msg timestamp="20211210 15:13:07.955" level="TRACE">Arguments: [ "Retorno com todos os cadastros: [{'id': 1, 'nome': 'jaozinho', 'email': 'joaozinho@wimail.com', 'celular': '51925654898'}, {'id': 2, 'nome': 'irineu', 'email': 'irineu@wimail.com', 'celular': '51975754797'}, {'id': 3, 'nome': 'josnel', 'email': 'josnel@wimail.com', 'celular': '51924644848'}, {'id': 4, 'nome': 'jossinel', 'email': 'jossinel@wimail.com', 'celular': '51924254898'}, {'nome': 'Robot Vet', 'email': 'vet_robot@email.com', 'celular': '51935654132', 'id': 5}]" ]</msg>
<msg timestamp="20211210 15:13:07.955" level="INFO">Retorno com todos os cadastros: [{'id': 1, 'nome': 'jaozinho', 'email': 'joaozinho@wimail.com', 'celular': '51925654898'}, {'id': 2, 'nome': 'irineu', 'email': 'irineu@wimail.com', 'celular': '51975754797'}, {'id': 3, 'nome': 'josnel', 'email': 'josnel@wimail.com', 'celular': '51924644848'}, {'id': 4, 'nome': 'jossinel', 'email': 'jossinel@wimail.com', 'celular': '51924254898'}, {'nome': 'Robot Vet', 'email': 'vet_robot@email.com', 'celular': '51935654132', 'id': 5}]</msg>
<msg timestamp="20211210 15:13:07.956" level="TRACE">Return: None</msg>
<status status="PASS" starttime="20211210 15:13:07.954" endtime="20211210 15:13:07.956"/>
</kw>
<kw name="GET" library="RequestsLibrary">
<var>${RESPOSTA}</var>
<arg>url=http://localhost:3000/${URI}</arg>
<doc>Sends a GET request.</doc>
<msg timestamp="20211210 15:13:07.957" level="TRACE">Arguments: [ url='http://localhost:3000/veterinario' ]</msg>
<msg timestamp="20211210 15:13:07.959" level="DEBUG">Starting new HTTP connection (1): localhost:3000</msg>
<msg timestamp="20211210 15:13:07.961" level="DEBUG">http://localhost:3000 "GET /veterinario HTTP/1.1" 200 400</msg>
<msg timestamp="20211210 15:13:07.962" level="INFO">GET Request : url=http://localhost:3000/veterinario 
 path_url=/veterinario 
 headers={'User-Agent': 'python-requests/2.22.0', 'Accept-Encoding': 'gzip, deflate', 'Accept': '*/*', 'Connection': 'keep-alive'} 
 body=None 
 </msg>
<msg timestamp="20211210 15:13:07.962" level="INFO">GET Response : url=http://localhost:3000/veterinario 
 status=200, reason=OK 
 headers={'X-Powered-By': 'Express', 'Access-Control-Allow-Origin': '*', 'Content-Type': 'application/json; charset=utf-8', 'Content-Length': '400', 'ETag': 'W/"190-s7RlYocEDWCJQqqf0SLu94LXdyg"', 'Date': 'Fri, 10 Dec 2021 18:13:07 GMT', 'Connection': 'keep-alive', 'Keep-Alive': 'timeout=5'} 
 body=[{"id":1,"nome":"jaozinho","email":"joaozinho@wimail.com","celular":"51925654898"},{"id":2,"nome":"irineu","email":"irineu@wimail.com","celular":"51975754797"},{"id":3,"nome":"josnel","email":"josnel@wimail.com","celular":"51924644848"},{"id":4,"nome":"jossinel","email":"jossinel@wimail.com","celular":"51924254898"},{"nome":"Robot Vet","email":"vet_robot@email.com","celular":"51935654132","id":5}] 
 </msg>
<msg timestamp="20211210 15:13:07.962" level="TRACE">Return: &lt;Response [200]&gt;</msg>
<msg timestamp="20211210 15:13:07.963" level="INFO">${RESPOSTA} = &lt;Response [200]&gt;</msg>
<status status="PASS" starttime="20211210 15:13:07.956" endtime="20211210 15:13:07.963"/>
</kw>
<kw name="Log" library="BuiltIn">
<arg>Resposta: ${RESPOSTA.text}</arg>
<doc>Logs the given message with the given level.</doc>
<msg timestamp="20211210 15:13:07.964" level="TRACE">Arguments: [ 'Resposta: [{"id":1,"nome":"jaozinho","email":"joaozinho@wimail.com","celular":"51925654898"},{"id":2,"nome":"irineu","email":"irineu@wimail.com","celular":"51975754797"},{"id":3,"nome":"josnel","email":"josnel@wimail.com","celular":"51924644848"},{"id":4,"nome":"jossinel","email":"jossinel@wimail.com","celular":"51924254898"},{"nome":"Robot Vet","email":"vet_robot@email.com","celular":"51935654132","id":5}]' ]</msg>
<msg timestamp="20211210 15:13:07.964" level="INFO">Resposta: [{"id":1,"nome":"jaozinho","email":"joaozinho@wimail.com","celular":"51925654898"},{"id":2,"nome":"irineu","email":"irineu@wimail.com","celular":"51975754797"},{"id":3,"nome":"josnel","email":"josnel@wimail.com","celular":"51924644848"},{"id":4,"nome":"jossinel","email":"jossinel@wimail.com","celular":"51924254898"},{"nome":"Robot Vet","email":"vet_robot@email.com","celular":"51935654132","id":5}]</msg>
<msg timestamp="20211210 15:13:07.965" level="TRACE">Return: None</msg>
<status status="PASS" starttime="20211210 15:13:07.963" endtime="20211210 15:13:07.965"/>
</kw>
<kw name="Set Test Variable" library="BuiltIn">
<arg>${RESPOSTA}</arg>
<doc>Makes a variable available everywhere within the scope of the current test.</doc>
<msg timestamp="20211210 15:13:07.965" level="TRACE">Arguments: [ '${RESPOSTA}' ]</msg>
<msg timestamp="20211210 15:13:07.966" level="INFO">${RESPOSTA} = &lt;Response [200]&gt;</msg>
<msg timestamp="20211210 15:13:07.966" level="TRACE">Return: None</msg>
<status status="PASS" starttime="20211210 15:13:07.965" endtime="20211210 15:13:07.966"/>
</kw>
<msg timestamp="20211210 15:13:07.966" level="TRACE">Return: None</msg>
<status status="PASS" starttime="20211210 15:13:07.947" endtime="20211210 15:13:07.967"/>
</kw>
<kw name="Confere o status code" library="base">
<arg>200</arg>
<msg timestamp="20211210 15:13:07.968" level="TRACE">Arguments: [ ${STATUS_ESPERADO}='200' ]</msg>
<kw name="Should Be Equal As Strings" library="BuiltIn">
<arg>${RESPOSTA.status_code}</arg>
<arg>${STATUS_ESPERADO}</arg>
<doc>Fails if objects are unequal after converting them to strings.</doc>
<msg timestamp="20211210 15:13:07.969" level="TRACE">Arguments: [ 200 | '200' ]</msg>
<msg timestamp="20211210 15:13:07.969" level="INFO">Argument types are:
&lt;class 'int'&gt;
&lt;type 'unicode'&gt;</msg>
<msg timestamp="20211210 15:13:07.970" level="TRACE">Return: None</msg>
<status status="PASS" starttime="20211210 15:13:07.968" endtime="20211210 15:13:07.970"/>
</kw>
<kw name="Log" library="BuiltIn">
<arg>Status Code Retornado: ${RESPOSTA.status_code} -- Status Code Esperado: ${STATUS_ESPERADO}</arg>
<doc>Logs the given message with the given level.</doc>
<msg timestamp="20211210 15:13:07.971" level="TRACE">Arguments: [ 'Status Code Retornado: 200 -- Status Code Esperado: 200' ]</msg>
<msg timestamp="20211210 15:13:07.971" level="INFO">Status Code Retornado: 200 -- Status Code Esperado: 200</msg>
<msg timestamp="20211210 15:13:07.971" level="TRACE">Return: None</msg>
<status status="PASS" starttime="20211210 15:13:07.970" endtime="20211210 15:13:07.971"/>
</kw>
<msg timestamp="20211210 15:13:07.971" level="TRACE">Return: None</msg>
<status status="PASS" starttime="20211210 15:13:07.967" endtime="20211210 15:13:07.971"/>
</kw>
<status status="PASS" starttime="20211210 15:13:07.946" endtime="20211210 15:13:07.972"/>
</test>
<doc>Exemplos da própria Library: GetAll /veterinarios
https://github.com/ScParis/AnimaPet</doc>
<status status="PASS" starttime="20211210 15:13:07.936" endtime="20211210 15:13:07.972"/>
</suite>
<suite id="s1-s3" name="Get By Id" source="/media/scherman/HD1/Particular/Faculdade/UniRitter/Disciplinas/2021_02/Práticas de Engenharia de Software/Trabalhos/AnimaPet/ProjetoFinal/Test/api/tests/veterinario/get_by_id.robot">
<test id="s1-s3-t1" name="Requisição De GET ALL">
<kw name="Realizar Requisição de GET By ID" library="base">
<arg>1</arg>
<msg timestamp="20211210 15:13:07.983" level="TRACE">Arguments: [ ${ID}='1' ]</msg>
<kw name="GET" library="RequestsLibrary">
<var>${VET_DATA}</var>
<arg>url=http://localhost:3000/${URI}/${ID}</arg>
<doc>Sends a GET request.</doc>
<msg timestamp="20211210 15:13:07.983" level="TRACE">Arguments: [ url='http://localhost:3000/veterinario/1' ]</msg>
<msg timestamp="20211210 15:13:07.986" level="DEBUG">Starting new HTTP connection (1): localhost:3000</msg>
<msg timestamp="20211210 15:13:07.989" level="DEBUG">http://localhost:3000 "GET /veterinario/1 HTTP/1.1" 200 81</msg>
<msg timestamp="20211210 15:13:07.991" level="INFO">GET Request : url=http://localhost:3000/veterinario/1 
 path_url=/veterinario/1 
 headers={'User-Agent': 'python-requests/2.22.0', 'Accept-Encoding': 'gzip, deflate', 'Accept': '*/*', 'Connection': 'keep-alive'} 
 body=None 
 </msg>
<msg timestamp="20211210 15:13:07.991" level="INFO">GET Response : url=http://localhost:3000/veterinario/1 
 status=200, reason=OK 
 headers={'X-Powered-By': 'Express', 'Access-Control-Allow-Origin': '*', 'Content-Type': 'application/json; charset=utf-8', 'Content-Length': '81', 'ETag': 'W/"51-NZPq4VZwFQwcpfLSekZc/mI6zo4"', 'Date': 'Fri, 10 Dec 2021 18:13:07 GMT', 'Connection': 'keep-alive', 'Keep-Alive': 'timeout=5'} 
 body={"id":1,"nome":"jaozinho","email":"joaozinho@wimail.com","celular":"51925654898"} 
 </msg>
<msg timestamp="20211210 15:13:07.991" level="TRACE">Return: &lt;Response [200]&gt;</msg>
<msg timestamp="20211210 15:13:07.991" level="INFO">${VET_DATA} = &lt;Response [200]&gt;</msg>
<status status="PASS" starttime="20211210 15:13:07.983" endtime="20211210 15:13:07.991"/>
</kw>
<kw name="Log" library="BuiltIn">
<arg>Retorno com todos os cadastros: ${VET_DATA.json()}</arg>
<doc>Logs the given message with the given level.</doc>
<msg timestamp="20211210 15:13:07.993" level="TRACE">Arguments: [ "Retorno com todos os cadastros: {'id': 1, 'nome': 'jaozinho', 'email': 'joaozinho@wimail.com', 'celular': '51925654898'}" ]</msg>
<msg timestamp="20211210 15:13:07.993" level="INFO">Retorno com todos os cadastros: {'id': 1, 'nome': 'jaozinho', 'email': 'joaozinho@wimail.com', 'celular': '51925654898'}</msg>
<msg timestamp="20211210 15:13:07.993" level="TRACE">Return: None</msg>
<status status="PASS" starttime="20211210 15:13:07.992" endtime="20211210 15:13:07.993"/>
</kw>
<kw name="GET" library="RequestsLibrary">
<var>${RESPOSTA}</var>
<arg>url=http://localhost:3000/${URI}/${ID}</arg>
<doc>Sends a GET request.</doc>
<msg timestamp="20211210 15:13:07.994" level="TRACE">Arguments: [ url='http://localhost:3000/veterinario/1' ]</msg>
<msg timestamp="20211210 15:13:07.995" level="DEBUG">Starting new HTTP connection (1): localhost:3000</msg>
<msg timestamp="20211210 15:13:07.998" level="DEBUG">http://localhost:3000 "GET /veterinario/1 HTTP/1.1" 200 81</msg>
<msg timestamp="20211210 15:13:08.000" level="INFO">GET Request : url=http://localhost:3000/veterinario/1 
 path_url=/veterinario/1 
 headers={'User-Agent': 'python-requests/2.22.0', 'Accept-Encoding': 'gzip, deflate', 'Accept': '*/*', 'Connection': 'keep-alive'} 
 body=None 
 </msg>
<msg timestamp="20211210 15:13:08.000" level="INFO">GET Response : url=http://localhost:3000/veterinario/1 
 status=200, reason=OK 
 headers={'X-Powered-By': 'Express', 'Access-Control-Allow-Origin': '*', 'Content-Type': 'application/json; charset=utf-8', 'Content-Length': '81', 'ETag': 'W/"51-NZPq4VZwFQwcpfLSekZc/mI6zo4"', 'Date': 'Fri, 10 Dec 2021 18:13:07 GMT', 'Connection': 'keep-alive', 'Keep-Alive': 'timeout=5'} 
 body={"id":1,"nome":"jaozinho","email":"joaozinho@wimail.com","celular":"51925654898"} 
 </msg>
<msg timestamp="20211210 15:13:08.000" level="TRACE">Return: &lt;Response [200]&gt;</msg>
<msg timestamp="20211210 15:13:08.000" level="INFO">${RESPOSTA} = &lt;Response [200]&gt;</msg>
<status status="PASS" starttime="20211210 15:13:07.993" endtime="20211210 15:13:08.000"/>
</kw>
<kw name="Log" library="BuiltIn">
<arg>Resposta: ${RESPOSTA.text}</arg>
<doc>Logs the given message with the given level.</doc>
<msg timestamp="20211210 15:13:08.001" level="TRACE">Arguments: [ 'Resposta: {"id":1,"nome":"jaozinho","email":"joaozinho@wimail.com","celular":"51925654898"}' ]</msg>
<msg timestamp="20211210 15:13:08.001" level="INFO">Resposta: {"id":1,"nome":"jaozinho","email":"joaozinho@wimail.com","celular":"51925654898"}</msg>
<msg timestamp="20211210 15:13:08.001" level="TRACE">Return: None</msg>
<status status="PASS" starttime="20211210 15:13:08.000" endtime="20211210 15:13:08.002"/>
</kw>
<kw name="Set Test Variable" library="BuiltIn">
<arg>${RESPOSTA}</arg>
<doc>Makes a variable available everywhere within the scope of the current test.</doc>
<msg timestamp="20211210 15:13:08.002" level="TRACE">Arguments: [ '${RESPOSTA}' ]</msg>
<msg timestamp="20211210 15:13:08.002" level="INFO">${RESPOSTA} = &lt;Response [200]&gt;</msg>
<msg timestamp="20211210 15:13:08.002" level="TRACE">Return: None</msg>
<status status="PASS" starttime="20211210 15:13:08.002" endtime="20211210 15:13:08.002"/>
</kw>
<msg timestamp="20211210 15:13:08.003" level="TRACE">Return: None</msg>
<status status="PASS" starttime="20211210 15:13:07.982" endtime="20211210 15:13:08.003"/>
</kw>
<kw name="Confere o status code" library="base">
<arg>200</arg>
<msg timestamp="20211210 15:13:08.003" level="TRACE">Arguments: [ ${STATUS_ESPERADO}='200' ]</msg>
<kw name="Should Be Equal As Strings" library="BuiltIn">
<arg>${RESPOSTA.status_code}</arg>
<arg>${STATUS_ESPERADO}</arg>
<doc>Fails if objects are unequal after converting them to strings.</doc>
<msg timestamp="20211210 15:13:08.005" level="TRACE">Arguments: [ 200 | '200' ]</msg>
<msg timestamp="20211210 15:13:08.005" level="INFO">Argument types are:
&lt;class 'int'&gt;
&lt;type 'unicode'&gt;</msg>
<msg timestamp="20211210 15:13:08.005" level="TRACE">Return: None</msg>
<status status="PASS" starttime="20211210 15:13:08.004" endtime="20211210 15:13:08.005"/>
</kw>
<kw name="Log" library="BuiltIn">
<arg>Status Code Retornado: ${RESPOSTA.status_code} -- Status Code Esperado: ${STATUS_ESPERADO}</arg>
<doc>Logs the given message with the given level.</doc>
<msg timestamp="20211210 15:13:08.006" level="TRACE">Arguments: [ 'Status Code Retornado: 200 -- Status Code Esperado: 200' ]</msg>
<msg timestamp="20211210 15:13:08.007" level="INFO">Status Code Retornado: 200 -- Status Code Esperado: 200</msg>
<msg timestamp="20211210 15:13:08.007" level="TRACE">Return: None</msg>
<status status="PASS" starttime="20211210 15:13:08.005" endtime="20211210 15:13:08.007"/>
</kw>
<msg timestamp="20211210 15:13:08.007" level="TRACE">Return: None</msg>
<status status="PASS" starttime="20211210 15:13:08.003" endtime="20211210 15:13:08.008"/>
</kw>
<status status="PASS" starttime="20211210 15:13:07.981" endtime="20211210 15:13:08.008"/>
</test>
<doc>Exemplos da própria Library: GetAll /veterinarios
https://github.com/ScParis/AnimaPet</doc>
<status status="PASS" starttime="20211210 15:13:07.974" endtime="20211210 15:13:08.009"/>
</suite>
<suite id="s1-s4" name="Post" source="/media/scherman/HD1/Particular/Faculdade/UniRitter/Disciplinas/2021_02/Práticas de Engenharia de Software/Trabalhos/AnimaPet/ProjetoFinal/Test/api/tests/veterinario/post.robot">
<test id="s1-s4-t1" name="Requisição De POST">
<kw name="Creating json File" library="base">
<msg timestamp="20211210 15:13:08.020" level="TRACE">Arguments: [  ]</msg>
<kw name="Create File" library="OperatingSystem">
<arg>./api/resources/files/post/file_json.json</arg>
<arg>{"nome":"Robot Vet","email":"vet_robot@email.com","celular":"51935654132"}</arg>
<doc>Creates a file with the given content and encoding.</doc>
<msg timestamp="20211210 15:13:08.020" level="TRACE">Arguments: [ './api/resources/files/post/file_json.json' | '{"nome":"Robot Vet","email":"vet_robot@email.com","celular":"51935654132"}' ]</msg>
<msg timestamp="20211210 15:13:08.123" level="INFO" html="true">Created file '&lt;a href="file:///media/scherman/HD1/Particular/Faculdade/UniRitter/Disciplinas/2021_02/Práticas de Engenharia de Software/Trabalhos/AnimaPet/ProjetoFinal/Test/api/resources/files/post/file_json.json"&gt;/media/scherman/HD1/Particular/Faculdade/UniRitter/Disciplinas/2021_02/Práticas de Engenharia de Software/Trabalhos/AnimaPet/ProjetoFinal/Test/api/resources/files/post/file_json.json&lt;/a&gt;'.</msg>
<msg timestamp="20211210 15:13:08.123" level="TRACE">Return: None</msg>
<status status="PASS" starttime="20211210 15:13:08.020" endtime="20211210 15:13:08.123"/>
</kw>
<msg timestamp="20211210 15:13:08.123" level="TRACE">Return: None</msg>
<status status="PASS" starttime="20211210 15:13:08.019" endtime="20211210 15:13:08.123"/>
</kw>
<kw name="Realizar Requisição de DELETE By ID" library="base">
<arg>5</arg>
<msg timestamp="20211210 15:13:08.124" level="TRACE">Arguments: [ ${ID}='5' ]</msg>
<kw name="DELETE" library="RequestsLibrary">
<arg>url=http://localhost:3000/${URI}/${ID}</arg>
<doc>Sends a DELETE request.</doc>
<msg timestamp="20211210 15:13:08.124" level="TRACE">Arguments: [ url='http://localhost:3000/veterinario/5' ]</msg>
<msg timestamp="20211210 15:13:08.126" level="DEBUG">Starting new HTTP connection (1): localhost:3000</msg>
<msg timestamp="20211210 15:13:08.127" level="DEBUG">http://localhost:3000 "DELETE /veterinario/5 HTTP/1.1" 204 0</msg>
<msg timestamp="20211210 15:13:08.128" level="INFO">DELETE Request : url=http://localhost:3000/veterinario/5 
 path_url=/veterinario/5 
 headers={'User-Agent': 'python-requests/2.22.0', 'Accept-Encoding': 'gzip, deflate', 'Accept': '*/*', 'Connection': 'keep-alive', 'Content-Length': '0'} 
 body=None 
 </msg>
<msg timestamp="20211210 15:13:08.128" level="INFO">DELETE Response : url=http://localhost:3000/veterinario/5 
 status=204, reason=No Content 
 headers={'X-Powered-By': 'Express', 'Access-Control-Allow-Origin': '*', 'ETag': 'W/"2-vyGp6PvFo4RvsFtPoIWeCReyIC8"', 'Date': 'Fri, 10 Dec 2021 18:13:08 GMT', 'Connection': 'keep-alive', 'Keep-Alive': 'timeout=5'} 
 body=None 
 </msg>
<msg timestamp="20211210 15:13:08.128" level="TRACE">Return: &lt;Response [204]&gt;</msg>
<status status="PASS" starttime="20211210 15:13:08.124" endtime="20211210 15:13:08.128"/>
</kw>
<kw name="DELETE" library="RequestsLibrary">
<var>${RESPOSTA}</var>
<arg>url=http://localhost:3000/${URI}/${ID}</arg>
<doc>Sends a DELETE request.</doc>
<msg timestamp="20211210 15:13:08.129" level="TRACE">Arguments: [ url='http://localhost:3000/veterinario/5' ]</msg>
<msg timestamp="20211210 15:13:08.131" level="DEBUG">Starting new HTTP connection (1): localhost:3000</msg>
<msg timestamp="20211210 15:13:08.135" level="DEBUG">http://localhost:3000 "DELETE /veterinario/5 HTTP/1.1" 204 0</msg>
<msg timestamp="20211210 15:13:08.136" level="INFO">DELETE Request : url=http://localhost:3000/veterinario/5 
 path_url=/veterinario/5 
 headers={'User-Agent': 'python-requests/2.22.0', 'Accept-Encoding': 'gzip, deflate', 'Accept': '*/*', 'Connection': 'keep-alive', 'Content-Length': '0'} 
 body=None 
 </msg>
<msg timestamp="20211210 15:13:08.136" level="INFO">DELETE Response : url=http://localhost:3000/veterinario/5 
 status=204, reason=No Content 
 headers={'X-Powered-By': 'Express', 'Access-Control-Allow-Origin': '*', 'ETag': 'W/"2-vyGp6PvFo4RvsFtPoIWeCReyIC8"', 'Date': 'Fri, 10 Dec 2021 18:13:08 GMT', 'Connection': 'keep-alive', 'Keep-Alive': 'timeout=5'} 
 body=None 
 </msg>
<msg timestamp="20211210 15:13:08.136" level="TRACE">Return: &lt;Response [204]&gt;</msg>
<msg timestamp="20211210 15:13:08.137" level="INFO">${RESPOSTA} = &lt;Response [204]&gt;</msg>
<status status="PASS" starttime="20211210 15:13:08.129" endtime="20211210 15:13:08.137"/>
</kw>
<kw name="Log" library="BuiltIn">
<arg>Resposta: ${RESPOSTA.text}</arg>
<doc>Logs the given message with the given level.</doc>
<msg timestamp="20211210 15:13:08.138" level="TRACE">Arguments: [ 'Resposta: ' ]</msg>
<msg timestamp="20211210 15:13:08.138" level="INFO">Resposta: </msg>
<msg timestamp="20211210 15:13:08.138" level="TRACE">Return: None</msg>
<status status="PASS" starttime="20211210 15:13:08.137" endtime="20211210 15:13:08.138"/>
</kw>
<kw name="Set Test Variable" library="BuiltIn">
<arg>${RESPOSTA}</arg>
<doc>Makes a variable available everywhere within the scope of the current test.</doc>
<msg timestamp="20211210 15:13:08.139" level="TRACE">Arguments: [ '${RESPOSTA}' ]</msg>
<msg timestamp="20211210 15:13:08.139" level="INFO">${RESPOSTA} = &lt;Response [204]&gt;</msg>
<msg timestamp="20211210 15:13:08.140" level="TRACE">Return: None</msg>
<status status="PASS" starttime="20211210 15:13:08.139" endtime="20211210 15:13:08.140"/>
</kw>
<msg timestamp="20211210 15:13:08.140" level="TRACE">Return: None</msg>
<status status="PASS" starttime="20211210 15:13:08.123" endtime="20211210 15:13:08.140"/>
</kw>
<kw name="Post Vet" library="base">
<msg timestamp="20211210 15:13:08.141" level="TRACE">Arguments: [  ]</msg>
<kw name="Create Dictionary" library="BuiltIn">
<var>${BODY}</var>
<arg>nome=Robot Vet</arg>
<arg>email=vet_robot@email.com</arg>
<arg>celular=51935654132</arg>
<doc>Creates and returns a dictionary based on the given ``items``.</doc>
<msg timestamp="20211210 15:13:08.142" level="TRACE">Arguments: [ 'nome=Robot Vet' | 'email=vet_robot@email.com' | 'celular=51935654132' ]</msg>
<msg timestamp="20211210 15:13:08.142" level="TRACE">Return: {'celular': '51935654132', 'email': 'vet_robot@email.com', 'nome': 'Robot Vet'}</msg>
<msg timestamp="20211210 15:13:08.142" level="INFO">${BODY} = {'nome': 'Robot Vet', 'email': 'vet_robot@email.com', 'celular': '51935654132'}</msg>
<status status="PASS" starttime="20211210 15:13:08.142" endtime="20211210 15:13:08.142"/>
</kw>
<kw name="POST" library="RequestsLibrary">
<var>${resp}</var>
<arg>http://localhost:3000/${URI}</arg>
<arg>json=${BODY}</arg>
<doc>Sends a POST request.</doc>
<msg timestamp="20211210 15:13:08.143" level="TRACE">Arguments: [ 'http://localhost:3000/veterinario' | json={'celular': '51935654132', 'email': 'vet_robot@email.com', 'nome': 'Robot Vet'} ]</msg>
<msg timestamp="20211210 15:13:08.145" level="DEBUG">Starting new HTTP connection (1): localhost:3000</msg>
<msg timestamp="20211210 15:13:08.148" level="DEBUG">http://localhost:3000 "POST /veterinario HTTP/1.1" 201 81</msg>
<msg timestamp="20211210 15:13:08.149" level="INFO">POST Request : url=http://localhost:3000/veterinario 
 path_url=/veterinario 
 headers={'User-Agent': 'python-requests/2.22.0', 'Accept-Encoding': 'gzip, deflate', 'Accept': '*/*', 'Connection': 'keep-alive', 'Content-Length': '79', 'Content-Type': 'application/json'} 
 body=b'{"nome": "Robot Vet", "email": "vet_robot@email.com", "celular": "51935654132"}' 
 </msg>
<msg timestamp="20211210 15:13:08.149" level="INFO">POST Response : url=http://localhost:3000/veterinario 
 status=201, reason=Created 
 headers={'X-Powered-By': 'Express', 'Access-Control-Allow-Origin': '*', 'Content-Type': 'application/json; charset=utf-8', 'Content-Length': '81', 'ETag': 'W/"51-IusNYVWy0y30h1gkPklWOa51inY"', 'Date': 'Fri, 10 Dec 2021 18:13:08 GMT', 'Connection': 'keep-alive', 'Keep-Alive': 'timeout=5'} 
 body={"nome":"Robot Vet","email":"vet_robot@email.com","celular":"51935654132","id":5} 
 </msg>
<msg timestamp="20211210 15:13:08.149" level="TRACE">Return: &lt;Response [201]&gt;</msg>
<msg timestamp="20211210 15:13:08.149" level="INFO">${resp} = &lt;Response [201]&gt;</msg>
<status status="PASS" starttime="20211210 15:13:08.143" endtime="20211210 15:13:08.149"/>
</kw>
<kw name="Status Should Be" library="RequestsLibrary">
<arg>201</arg>
<arg>${resp}</arg>
<doc>Fails if response status code is different than the expected.</doc>
<msg timestamp="20211210 15:13:08.150" level="TRACE">Arguments: [ '201' | &lt;Response [201]&gt; ]</msg>
<msg timestamp="20211210 15:13:08.150" level="TRACE">Return: None</msg>
<status status="PASS" starttime="20211210 15:13:08.149" endtime="20211210 15:13:08.151"/>
</kw>
<kw name="Log" library="BuiltIn">
<arg>${resp.json()}</arg>
<doc>Logs the given message with the given level.</doc>
<msg timestamp="20211210 15:13:08.152" level="TRACE">Arguments: [ {'celular': '51935654132',
 'email': 'vet_robot@email.com',
 'id': 5,
 'nome': 'Robot Vet'} ]</msg>
<msg timestamp="20211210 15:13:08.153" level="INFO">{'nome': 'Robot Vet', 'email': 'vet_robot@email.com', 'celular': '51935654132', 'id': 5}</msg>
<msg timestamp="20211210 15:13:08.153" level="TRACE">Return: None</msg>
<status status="PASS" starttime="20211210 15:13:08.151" endtime="20211210 15:13:08.153"/>
</kw>
<msg timestamp="20211210 15:13:08.153" level="TRACE">Return: None</msg>
<status status="PASS" starttime="20211210 15:13:08.141" endtime="20211210 15:13:08.153"/>
</kw>
<status status="PASS" starttime="20211210 15:13:08.019" endtime="20211210 15:13:08.154"/>
</test>
<doc>Exemplos da própria Library: GetAll /veterinarios
https://github.com/ScParis/AnimaPet</doc>
<status status="PASS" starttime="20211210 15:13:08.011" endtime="20211210 15:13:08.155"/>
</suite>
<status status="PASS" starttime="20211210 15:13:07.789" endtime="20211210 15:13:08.157"/>
</suite>
<statistics>
<total>
<stat pass="4" fail="0" skip="0">All Tests</stat>
</total>
<tag>
</tag>
<suite>
<stat pass="4" fail="0" skip="0" id="s1" name="Veterinario">Veterinario</stat>
<stat pass="1" fail="0" skip="0" id="s1-s1" name="Delet">Veterinario.Delet</stat>
<stat pass="1" fail="0" skip="0" id="s1-s2" name="Get All">Veterinario.Get All</stat>
<stat pass="1" fail="0" skip="0" id="s1-s3" name="Get By Id">Veterinario.Get By Id</stat>
<stat pass="1" fail="0" skip="0" id="s1-s4" name="Post">Veterinario.Post</stat>
</suite>
</statistics>
<errors>
</errors>
</robot>
